# JRE version: Java(TM) SE Runtime Environment (7.0_79-b15) (build 1.7.0_79-b15)
# Java VM: Java HotSpot(TM) 64-Bit Server VM (24.79-b02 mixed mode windows-amd64 compressed oops)
Heap
 PSYoungGen      total 268800K, used 137312K [0x00000007d6a80000, 0x00000007f1880000, 0x0000000800000000)
  eden space 257024K, 48% used [0x00000007d6a80000,0x00000007de51eca0,0x00000007e6580000)
  from space 11776K, 99% used [0x00000007e6580000,0x00000007e70f9448,0x00000007e7100000)
  to   space 14336K, 0% used [0x00000007f0a80000,0x00000007f0a80000,0x00000007f1880000)
 ParOldGen       total 84480K, used 19309K [0x0000000784000000, 0x0000000789280000, 0x00000007d6a80000)
  object space 84480K, 22% used [0x0000000784000000,0x00000007852db448,0x0000000789280000)
 PSPermGen       total 131072K, used 39533K [0x0000000774000000, 0x000000077c000000, 0x0000000784000000)
  object space 131072K, 30% used [0x0000000774000000,0x000000077669b720,0x000000077c000000)
GC Heap History (10 events):
Event: 5.065 GC heap before
{Heap before GC invocations=5 (full 0):
 PSYoungGen      total 69632K, used 69615K [0x00000007d6a80000, 0x00000007db380000, 0x0000000800000000)
  eden space 64512K, 100% used [0x00000007d6a80000,0x00000007da980000,0x00000007da980000)
  from space 5120K, 99% used [0x00000007dae80000,0x00000007db37bc18,0x00000007db380000)
  to   space 5120K, 0% used [0x00000007da980000,0x00000007da980000,0x00000007dae80000)
 ParOldGen       total 84480K, used 9807K [0x0000000784000000, 0x0000000789280000, 0x00000007d6a80000)
  object space 84480K, 11% used [0x0000000784000000,0x0000000784993e60,0x0000000789280000)
 PSPermGen       total 131072K, used 16614K [0x0000000774000000, 0x000000077c000000, 0x0000000784000000)
  object space 131072K, 12% used [0x0000000774000000,0x0000000775039aa0,0x000000077c000000)
Event: 5.081 GC heap after
Heap after GC invocations=5 (full 0):
 PSYoungGen      total 69632K, used 5093K [0x00000007d6a80000, 0x00000007dff80000, 0x0000000800000000)
  eden space 64512K, 0% used [0x00000007d6a80000,0x00000007d6a80000,0x00000007da980000)
  from space 5120K, 99% used [0x00000007da980000,0x00000007dae797c8,0x00000007dae80000)
  to   space 11776K, 0% used [0x00000007df400000,0x00000007df400000,0x00000007dff80000)
 ParOldGen       total 84480K, used 12248K [0x0000000784000000, 0x0000000789280000, 0x00000007d6a80000)
  object space 84480K, 14% used [0x0000000784000000,0x0000000784bf6048,0x0000000789280000)
 PSPermGen       total 131072K, used 16614K [0x0000000774000000, 0x000000077c000000, 0x0000000784000000)
  object space 131072K, 12% used [0x0000000774000000,0x0000000775039aa0,0x000000077c000000)
}
Event: 6.246 GC heap before
{Heap before GC invocations=6 (full 0):
 PSYoungGen      total 69632K, used 69605K [0x00000007d6a80000, 0x00000007dff80000, 0x0000000800000000)
  eden space 64512K, 100% used [0x00000007d6a80000,0x00000007da980000,0x00000007da980000)
  from space 5120K, 99% used [0x00000007da980000,0x00000007dae797c8,0x00000007dae80000)
  to   space 11776K, 0% used [0x00000007df400000,0x00000007df400000,0x00000007dff80000)
 ParOldGen       total 84480K, used 12248K [0x0000000784000000, 0x0000000789280000, 0x00000007d6a80000)
  object space 84480K, 14% used [0x0000000784000000,0x0000000784bf6048,0x0000000789280000)
 PSPermGen       total 131072K, used 19351K [0x0000000774000000, 0x000000077c000000, 0x0000000784000000)
  object space 131072K, 14% used [0x0000000774000000,0x00000007752e5dc0,0x000000077c000000)
Event: 6.262 GC heap after
Heap after GC invocations=6 (full 0):
 PSYoungGen      total 140288K, used 9020K [0x00000007d6a80000, 0x00000007e0080000, 0x0000000800000000)
  eden space 128512K, 0% used [0x00000007d6a80000,0x00000007d6a80000,0x00000007de800000)
  from space 11776K, 76% used [0x00000007df400000,0x00000007dfccf058,0x00000007dff80000)
  to   space 12288K, 0% used [0x00000007de800000,0x00000007de800000,0x00000007df400000)
 ParOldGen       total 84480K, used 12256K [0x0000000784000000, 0x0000000789280000, 0x00000007d6a80000)
  object space 84480K, 14% used [0x0000000784000000,0x0000000784bf8048,0x0000000789280000)
 PSPermGen       total 131072K, used 19351K [0x0000000774000000, 0x000000077c000000, 0x0000000784000000)
  object space 131072K, 14% used [0x0000000774000000,0x00000007752e5dc0,0x000000077c000000)
}
Event: 8.210 GC heap before
{Heap before GC invocations=7 (full 0):
 PSYoungGen      total 140288K, used 137532K [0x00000007d6a80000, 0x00000007e0080000, 0x0000000800000000)
  eden space 128512K, 100% used [0x00000007d6a80000,0x00000007de800000,0x00000007de800000)
  from space 11776K, 76% used [0x00000007df400000,0x00000007dfccf058,0x00000007dff80000)
  to   space 12288K, 0% used [0x00000007de800000,0x00000007de800000,0x00000007df400000)
 ParOldGen       total 84480K, used 12256K [0x0000000784000000, 0x0000000789280000, 0x00000007d6a80000)
  object space 84480K, 14% used [0x0000000784000000,0x0000000784bf8048,0x0000000789280000)
 PSPermGen       total 131072K, used 22063K [0x0000000774000000, 0x000000077c000000, 0x0000000784000000)
  object space 131072K, 16% used [0x0000000774000000,0x000000077558bd70,0x000000077c000000)
Event: 8.229 GC heap after
Heap after GC invocations=7 (full 0):
 PSYoungGen      total 140800K, used 5064K [0x00000007d6a80000, 0x00000007e7d80000, 0x0000000800000000)
  eden space 128512K, 0% used [0x00000007d6a80000,0x00000007d6a80000,0x00000007de800000)
  from space 12288K, 41% used [0x00000007de800000,0x00000007decf21a0,0x00000007df400000)
  to   space 12288K, 0% used [0x00000007e7180000,0x00000007e7180000,0x00000007e7d80000)
 ParOldGen       total 84480K, used 16371K [0x0000000784000000, 0x0000000789280000, 0x00000007d6a80000)
  object space 84480K, 19% used [0x0000000784000000,0x0000000784ffcf00,0x0000000789280000)
 PSPermGen       total 131072K, used 22063K [0x0000000774000000, 0x000000077c000000, 0x0000000784000000)
  object space 131072K, 16% used [0x0000000774000000,0x000000077558bd70,0x000000077c000000)
}
Event: 9.566 GC heap before
{Heap before GC invocations=8 (full 0):
 PSYoungGen      total 140800K, used 133576K [0x00000007d6a80000, 0x00000007e7d80000, 0x0000000800000000)
  eden space 128512K, 100% used [0x00000007d6a80000,0x00000007de800000,0x00000007de800000)
  from space 12288K, 41% used [0x00000007de800000,0x00000007decf21a0,0x00000007df400000)
  to   space 12288K, 0% used [0x00000007e7180000,0x00000007e7180000,0x00000007e7d80000)
 ParOldGen       total 84480K, used 16371K [0x0000000784000000, 0x0000000789280000, 0x00000007d6a80000)
  object space 84480K, 19% used [0x0000000784000000,0x0000000784ffcf00,0x0000000789280000)
 PSPermGen       total 131072K, used 25772K [0x0000000774000000, 0x000000077c000000, 0x0000000784000000)
  object space 131072K, 19% used [0x0000000774000000,0x000000077592b1b8,0x000000077c000000)
Event: 9.579 GC heap after
Heap after GC invocations=8 (full 0):
 PSYoungGen      total 268288K, used 5661K [0x00000007d6a80000, 0x00000007e7c80000, 0x0000000800000000)
  eden space 257024K, 0% used [0x00000007d6a80000,0x00000007d6a80000,0x00000007e6580000)
  from space 11264K, 50% used [0x00000007e7180000,0x00000007e77075a0,0x00000007e7c80000)
  to   space 11776K, 0% used [0x00000007e6580000,0x00000007e6580000,0x00000007e7100000)
 ParOldGen       total 84480K, used 16851K [0x0000000784000000, 0x0000000789280000, 0x00000007d6a80000)
  object space 84480K, 19% used [0x0000000784000000,0x0000000785074f20,0x0000000789280000)
 PSPermGen       total 131072K, used 25772K [0x0000000774000000, 0x000000077c000000, 0x0000000784000000)
  object space 131072K, 19% used [0x0000000774000000,0x000000077592b1b8,0x000000077c000000)
}
Event: 13.296 GC heap before
{Heap before GC invocations=9 (full 0):
 PSYoungGen      total 268288K, used 262685K [0x00000007d6a80000, 0x00000007e7c80000, 0x0000000800000000)
  eden space 257024K, 100% used [0x00000007d6a80000,0x00000007e6580000,0x00000007e6580000)
  from space 11264K, 50% used [0x00000007e7180000,0x00000007e77075a0,0x00000007e7c80000)
  to   space 11776K, 0% used [0x00000007e6580000,0x00000007e6580000,0x00000007e7100000)
 ParOldGen       total 84480K, used 16851K [0x0000000784000000, 0x0000000789280000, 0x00000007d6a80000)
  object space 84480K, 19% used [0x0000000784000000,0x0000000785074f20,0x0000000789280000)
 PSPermGen       total 131072K, used 37091K [0x0000000774000000, 0x000000077c000000, 0x0000000784000000)
  object space 131072K, 28% used [0x0000000774000000,0x0000000776438fd0,0x000000077c000000)
Event: 13.322 GC heap after
Heap after GC invocations=9 (full 0):
 PSYoungGen      total 268800K, used 11749K [0x00000007d6a80000, 0x00000007f1880000, 0x0000000800000000)
  eden space 257024K, 0% used [0x00000007d6a80000,0x00000007d6a80000,0x00000007e6580000)
  from space 11776K, 99% used [0x00000007e6580000,0x00000007e70f9448,0x00000007e7100000)
  to   space 14336K, 0% used [0x00000007f0a80000,0x00000007f0a80000,0x00000007f1880000)
 ParOldGen       total 84480K, used 19309K [0x0000000784000000, 0x0000000789280000, 0x00000007d6a80000)
  object space 84480K, 22% used [0x0000000784000000,0x00000007852db448,0x0000000789280000)
 PSPermGen       total 131072K, used 37091K [0x0000000774000000, 0x000000077c000000, 0x0000000784000000)
  object space 131072K, 28% used [0x0000000774000000,0x0000000776438fd0,0x000000077c000000)
}

